<?xml version="1.0" encoding="utf-8"?><testsuites name="pytest tests"><testsuite name="pytest" errors="0" failures="1" skipped="0" tests="10" time="1.105" timestamp="2026-01-18T04:44:34.294873+00:00" hostname="agent-env-9d5c477d-237d-4405-b4fa-b23a50dbaac8"><testcase classname="tests.test_inventory_features.TestInventoryManualCRUD" name="test_add_inventory_item" time="0.072" /><testcase classname="tests.test_inventory_features.TestInventoryManualCRUD" name="test_update_inventory_item" time="0.055" /><testcase classname="tests.test_inventory_features.TestInventoryManualCRUD" name="test_update_nonexistent_item_returns_404" time="0.073" /><testcase classname="tests.test_inventory_features.TestInventoryManualCRUD" name="test_delete_inventory_item" time="0.053" /><testcase classname="tests.test_inventory_features.TestInventoryManualCRUD" name="test_delete_nonexistent_item_returns_404" time="0.036" /><testcase classname="tests.test_inventory_features.TestShoppingListToggleBugFix" name="test_toggle_purchased_adds_to_inventory" time="0.189" /><testcase classname="tests.test_inventory_features.TestShoppingListToggleBugFix" name="test_toggle_unpurchased_removes_from_inventory" time="0.118"><failure message="AssertionError: BUG: Item 'Chicken Breast' should be REMOVED from inventory when unchecked, but it's still there&#10;assert {'amount': '8oz', 'category': 'Protein', 'expiry_date': None, 'item': 'Chicken Breast', ...} is None">tests/test_inventory_features.py:211: in test_toggle_unpurchased_removes_from_inventory
    assert item_after is None, f"BUG: Item '{item_name}' should be REMOVED from inventory when unchecked, but it's still there"
E   AssertionError: BUG: Item 'Chicken Breast' should be REMOVED from inventory when unchecked, but it's still there
E   assert {'amount': '8oz', 'category': 'Protein', 'expiry_date': None, 'item': 'Chicken Breast', ...} is None</failure></testcase><testcase classname="tests.test_inventory_features.TestMarkPrepDeductsIngredients" name="test_mark_prepped_deducts_ingredients" time="0.247" /><testcase classname="tests.test_inventory_features.TestInventoryEndpoints" name="test_get_inventory" time="0.039" /><testcase classname="tests.test_inventory_features.TestCleanup" name="test_cleanup_test_items" time="0.086" /></testsuite></testsuites>