<?xml version="1.0" encoding="utf-8"?><testsuites name="pytest tests"><testsuite name="pytest" errors="0" failures="0" skipped="0" tests="10" time="1.138" timestamp="2026-01-18T04:50:45.576253+00:00" hostname="agent-env-9d5c477d-237d-4405-b4fa-b23a50dbaac8"><testcase classname="tests.test_inventory_features.TestInventoryManualCRUD" name="test_add_inventory_item" time="0.093" /><testcase classname="tests.test_inventory_features.TestInventoryManualCRUD" name="test_update_inventory_item" time="0.096" /><testcase classname="tests.test_inventory_features.TestInventoryManualCRUD" name="test_update_nonexistent_item_returns_404" time="0.041" /><testcase classname="tests.test_inventory_features.TestInventoryManualCRUD" name="test_delete_inventory_item" time="0.049" /><testcase classname="tests.test_inventory_features.TestInventoryManualCRUD" name="test_delete_nonexistent_item_returns_404" time="0.036" /><testcase classname="tests.test_inventory_features.TestShoppingListToggleBugFix" name="test_toggle_purchased_adds_to_inventory" time="0.295" /><testcase classname="tests.test_inventory_features.TestShoppingListToggleBugFix" name="test_toggle_unpurchased_removes_from_inventory" time="0.066" /><testcase classname="tests.test_inventory_features.TestMarkPrepDeductsIngredients" name="test_mark_prepped_deducts_ingredients" time="0.251" /><testcase classname="tests.test_inventory_features.TestInventoryEndpoints" name="test_get_inventory" time="0.037" /><testcase classname="tests.test_inventory_features.TestCleanup" name="test_cleanup_test_items" time="0.106" /></testsuite></testsuites>