<?xml version="1.0" encoding="utf-8"?><testsuites name="pytest tests"><testsuite name="pytest" errors="0" failures="0" skipped="0" tests="23" time="39.698" timestamp="2026-01-18T05:26:05.799844+00:00" hostname="agent-env-9d5c477d-237d-4405-b4fa-b23a50dbaac8"><testcase classname="tests.test_weekly_summary_and_workouts.TestWeeklySummary" name="test_get_weekly_summary_returns_200" time="0.069" /><testcase classname="tests.test_weekly_summary_and_workouts.TestWeeklySummary" name="test_weekly_summary_has_required_fields" time="0.042" /><testcase classname="tests.test_weekly_summary_and_workouts.TestWeeklySummary" name="test_weekly_summary_habits_structure" time="0.039" /><testcase classname="tests.test_weekly_summary_and_workouts.TestWeeklySummary" name="test_weekly_summary_meals_structure" time="0.039" /><testcase classname="tests.test_weekly_summary_and_workouts.TestWeeklySummary" name="test_weekly_summary_workouts_structure" time="0.040" /><testcase classname="tests.test_weekly_summary_and_workouts.TestWeeklySummary" name="test_weekly_summary_body_progress_structure" time="0.040" /><testcase classname="tests.test_weekly_summary_and_workouts.TestAIWeeklyCoaching" name="test_weekly_coaching_returns_200" time="10.773" /><testcase classname="tests.test_weekly_summary_and_workouts.TestAIWeeklyCoaching" name="test_weekly_coaching_has_coaching_field" time="12.375" /><testcase classname="tests.test_weekly_summary_and_workouts.TestAIWeeklyCoaching" name="test_weekly_coaching_includes_summary" time="14.475" /><testcase classname="tests.test_weekly_summary_and_workouts.TestWorkoutCRUD" name="test_get_workouts_returns_200" time="0.092" /><testcase classname="tests.test_weekly_summary_and_workouts.TestWorkoutCRUD" name="test_get_workouts_has_workouts_array" time="0.078" /><testcase classname="tests.test_weekly_summary_and_workouts.TestWorkoutCRUD" name="test_get_workouts_with_limit" time="0.040" /><testcase classname="tests.test_weekly_summary_and_workouts.TestWorkoutCRUD" name="test_get_workout_by_date_not_found" time="0.078" /><testcase classname="tests.test_weekly_summary_and_workouts.TestWorkoutCRUD" name="test_create_workout_and_verify" time="0.163" /><testcase classname="tests.test_weekly_summary_and_workouts.TestWorkoutCRUD" name="test_update_workout_upsert" time="0.186" /><testcase classname="tests.test_weekly_summary_and_workouts.TestWorkoutCRUD" name="test_add_exercise_to_existing_workout" time="0.148" /><testcase classname="tests.test_weekly_summary_and_workouts.TestWorkoutCRUD" name="test_add_exercise_creates_workout_if_not_exists" time="0.148" /><testcase classname="tests.test_weekly_summary_and_workouts.TestWorkoutCRUD" name="test_delete_workout" time="0.109" /><testcase classname="tests.test_weekly_summary_and_workouts.TestWorkoutCRUD" name="test_delete_nonexistent_workout_returns_404" time="0.038" /><testcase classname="tests.test_weekly_summary_and_workouts.TestExerciseProgress" name="test_get_exercise_progress" time="0.284" /><testcase classname="tests.test_weekly_summary_and_workouts.TestExerciseProgress" name="test_exercise_progress_contains_volume" time="0.291" /><testcase classname="tests.test_weekly_summary_and_workouts.TestWorkoutValidation" name="test_workout_requires_date" time="0.037" /><testcase classname="tests.test_weekly_summary_and_workouts.TestWorkoutValidation" name="test_workout_requires_workout_type" time="0.033" /></testsuite></testsuites>