<?xml version="1.0" encoding="utf-8"?><testsuites name="pytest tests"><testsuite name="pytest" errors="0" failures="0" skipped="0" tests="12" time="117.437" timestamp="2026-01-18T05:09:37.074063+00:00" hostname="agent-env-9d5c477d-237d-4405-b4fa-b23a50dbaac8"><testcase classname="tests.test_prep_alerts_and_recipe_scaling.TestPrepAlertsP1" name="test_prep_alerts_endpoint_returns_200" time="0.060" /><testcase classname="tests.test_prep_alerts_and_recipe_scaling.TestPrepAlertsP1" name="test_prep_alerts_structure" time="0.035" /><testcase classname="tests.test_prep_alerts_and_recipe_scaling.TestPrepAlertsP1" name="test_prep_alerts_urgency_values" time="0.045" /><testcase classname="tests.test_prep_alerts_and_recipe_scaling.TestPrepAlertsP1" name="test_prep_alerts_has_urgent_flag" time="0.039" /><testcase classname="tests.test_prep_alerts_and_recipe_scaling.TestPrepAlertsP1" name="test_prep_alerts_additional_fields" time="0.041" /><testcase classname="tests.test_prep_alerts_and_recipe_scaling.TestMarkPrepDoneP1" name="test_mark_prepped_endpoint" time="0.051" /><testcase classname="tests.test_prep_alerts_and_recipe_scaling.TestRecipeScalingP2" name="test_recipe_individual_servings" time="30.294" /><testcase classname="tests.test_prep_alerts_and_recipe_scaling.TestRecipeScalingP2" name="test_recipe_family_servings" time="30.027" /><testcase classname="tests.test_prep_alerts_and_recipe_scaling.TestRecipeScalingP2" name="test_recipe_default_servings" time="31.434" /><testcase classname="tests.test_prep_alerts_and_recipe_scaling.TestRecipeScalingP2" name="test_recipe_with_meal_id" time="25.259" /><testcase classname="tests.test_prep_alerts_and_recipe_scaling.TestMealLibraryServingInfo" name="test_extended_library_has_serving_info" time="0.054" /><testcase classname="tests.test_prep_alerts_and_recipe_scaling.TestTodaySuggestionsRecipeButtons" name="test_today_suggestions_endpoint" time="0.042" /></testsuite></testsuites>